# JRE version: OpenJDK Runtime Environment Temurin-17.0.4.1+1 (17.0.4.1+1) (build 17.0.4.1+1)
# Java VM: OpenJDK 64-Bit Server VM Temurin-17.0.4.1+1 (17.0.4.1+1, mixed mode, emulated-client, tiered, compressed oops, compressed class ptrs, g1 gc, windows-amd64)
GC Precious Log:
 CPUs: 8 total, 8 available
 Memory: 8013M
 Large Page Support: Disabled
 NUMA Support: Disabled
 Compressed Oops: Enabled (32-bit)
 Heap Region Size: 1M
 Heap Min Capacity: 8M
 Heap Initial Capacity: 126M
 Heap Max Capacity: 2004M
 Pre-touch: Disabled
 Parallel Workers: 8
 Concurrent Workers: 2
 Concurrent Refinement Workers: 8
 Periodic GC: Disabled
Heap:
 garbage-first heap   total 225280K, used 184020K [0x0000000082c00000, 0x0000000100000000)
  region size 1024K, 103 young (105472K), 5 survivors (5120K)
 Metaspace       used 112971K, committed 115392K, reserved 1155072K
  class space    used 14800K, committed 15360K, reserved 1048576K
GC Heap History (20 events):
Event: 1620.891 GC heap after
{Heap after GC invocations=92 (full 6):
 garbage-first heap   total 225280K, used 77317K [0x0000000082c00000, 0x0000000100000000)
  region size 1024K, 14 young (14336K), 14 survivors (14336K)
 Metaspace       used 111878K, committed 112704K, reserved 1146880K
  class space    used 14717K, committed 15104K, reserved 1048576K
}
Event: 1621.383 GC heap before
{Heap before GC invocations=92 (full 6):
 garbage-first heap   total 225280K, used 180741K [0x0000000082c00000, 0x0000000100000000)
  region size 1024K, 115 young (117760K), 14 survivors (14336K)
 Metaspace       used 112341K, committed 113152K, reserved 1155072K
  class space    used 14748K, committed 15104K, reserved 1048576K
}
Event: 1621.391 GC heap after
{Heap after GC invocations=93 (full 6):
 garbage-first heap   total 225280K, used 79424K [0x0000000082c00000, 0x0000000100000000)
  region size 1024K, 9 young (9216K), 9 survivors (9216K)
 Metaspace       used 112341K, committed 113152K, reserved 1155072K
  class space    used 14748K, committed 15104K, reserved 1048576K
}
Event: 1621.820 GC heap before
{Heap before GC invocations=93 (full 6):
 garbage-first heap   total 225280K, used 183872K [0x0000000082c00000, 0x0000000100000000)
  region size 1024K, 110 young (112640K), 9 survivors (9216K)
 Metaspace       used 112556K, committed 113408K, reserved 1155072K
  class space    used 14764K, committed 15168K, reserved 1048576K
}
Event: 1621.826 GC heap after
{Heap after GC invocations=94 (full 6):
 garbage-first heap   total 225280K, used 84765K [0x0000000082c00000, 0x0000000100000000)
  region size 1024K, 7 young (7168K), 7 survivors (7168K)
 Metaspace       used 112556K, committed 113408K, reserved 1155072K
  class space    used 14764K, committed 15168K, reserved 1048576K
}
Event: 1621.954 GC heap before
{Heap before GC invocations=94 (full 6):
 garbage-first heap   total 225280K, used 184093K [0x0000000082c00000, 0x0000000100000000)
  region size 1024K, 103 young (105472K), 7 survivors (7168K)
 Metaspace       used 112556K, committed 113408K, reserved 1155072K
  class space    used 14764K, committed 15168K, reserved 1048576K
}
Event: 1621.957 GC heap after
{Heap after GC invocations=95 (full 6):
 garbage-first heap   total 225280K, used 84302K [0x0000000082c00000, 0x0000000100000000)
  region size 1024K, 6 young (6144K), 6 survivors (6144K)
 Metaspace       used 112556K, committed 113408K, reserved 1155072K
  class space    used 14764K, committed 15168K, reserved 1048576K
}
Event: 1643.400 GC heap before
{Heap before GC invocations=95 (full 6):
 garbage-first heap   total 225280K, used 155982K [0x0000000082c00000, 0x0000000100000000)
  region size 1024K, 78 young (79872K), 6 survivors (6144K)
 Metaspace       used 112850K, committed 113664K, reserved 1155072K
  class space    used 14788K, committed 15168K, reserved 1048576K
}
Event: 1643.515 GC heap after
{Heap after GC invocations=96 (full 7):
 garbage-first heap   total 225280K, used 64953K [0x0000000082c00000, 0x0000000100000000)
  region size 1024K, 0 young (0K), 0 survivors (0K)
 Metaspace       used 112828K, committed 113664K, reserved 1155072K
  class space    used 14785K, committed 15168K, reserved 1048576K
}
Event: 1644.446 GC heap before
{Heap before GC invocations=96 (full 7):
 garbage-first heap   total 225280K, used 183737K [0x0000000082c00000, 0x0000000100000000)
  region size 1024K, 116 young (118784K), 0 survivors (0K)
 Metaspace       used 113676K, committed 114496K, reserved 1155072K
  class space    used 14886K, committed 15296K, reserved 1048576K
}
Event: 1644.452 GC heap after
{Heap after GC invocations=97 (full 7):
 garbage-first heap   total 225280K, used 72705K [0x0000000082c00000, 0x0000000100000000)
  region size 1024K, 8 young (8192K), 8 survivors (8192K)
 Metaspace       used 113676K, committed 114496K, reserved 1155072K
  class space    used 14886K, committed 15296K, reserved 1048576K
}
Event: 1650.499 GC heap before
{Heap before GC invocations=97 (full 7):
 garbage-first heap   total 225280K, used 182273K [0x0000000082c00000, 0x0000000100000000)
  region size 1024K, 115 young (117760K), 8 survivors (8192K)
 Metaspace       used 114186K, committed 115008K, reserved 1155072K
  class space    used 14924K, committed 15296K, reserved 1048576K
}
Event: 1650.506 GC heap after
{Heap after GC invocations=98 (full 7):
 garbage-first heap   total 225280K, used 78435K [0x0000000082c00000, 0x0000000100000000)
  region size 1024K, 14 young (14336K), 14 survivors (14336K)
 Metaspace       used 114186K, committed 115008K, reserved 1155072K
  class space    used 14924K, committed 15296K, reserved 1048576K
}
Event: 1650.882 GC heap before
{Heap before GC invocations=98 (full 7):
 garbage-first heap   total 225280K, used 180835K [0x0000000082c00000, 0x0000000100000000)
  region size 1024K, 114 young (116736K), 14 survivors (14336K)
 Metaspace       used 114653K, committed 115520K, reserved 1155072K
  class space    used 14955K, committed 15360K, reserved 1048576K
}
Event: 1650.890 GC heap after
{Heap after GC invocations=99 (full 7):
 garbage-first heap   total 225280K, used 81276K [0x0000000082c00000, 0x0000000100000000)
  region size 1024K, 10 young (10240K), 10 survivors (10240K)
 Metaspace       used 114653K, committed 115520K, reserved 1155072K
  class space    used 14955K, committed 15360K, reserved 1048576K
}
Event: 1651.344 GC heap before
{Heap before GC invocations=99 (full 7):
 garbage-first heap   total 225280K, used 183676K [0x0000000082c00000, 0x0000000100000000)
  region size 1024K, 109 young (111616K), 10 survivors (10240K)
 Metaspace       used 114858K, committed 115648K, reserved 1155072K
  class space    used 14968K, committed 15360K, reserved 1048576K
}
Event: 1651.350 GC heap after
{Heap after GC invocations=100 (full 7):
 garbage-first heap   total 225280K, used 83411K [0x0000000082c00000, 0x0000000100000000)
  region size 1024K, 5 young (5120K), 5 survivors (5120K)
 Metaspace       used 114858K, committed 115648K, reserved 1155072K
  class space    used 14968K, committed 15360K, reserved 1048576K
}
Event: 1651.485 GC heap before
{Heap before GC invocations=100 (full 7):
 garbage-first heap   total 225280K, used 185811K [0x0000000082c00000, 0x0000000100000000)
  region size 1024K, 104 young (106496K), 5 survivors (5120K)
 Metaspace       used 114858K, committed 115648K, reserved 1155072K
  class space    used 14968K, committed 15360K, reserved 1048576K
}
Event: 1651.487 GC heap after
{Heap after GC invocations=101 (full 7):
 garbage-first heap   total 225280K, used 83019K [0x0000000082c00000, 0x0000000100000000)
  region size 1024K, 5 young (5120K), 5 survivors (5120K)
 Metaspace       used 114858K, committed 115648K, reserved 1155072K
  class space    used 14968K, committed 15360K, reserved 1048576K
}
Event: 1702.473 GC heap before
{Heap before GC invocations=101 (full 7):
 garbage-first heap   total 225280K, used 182347K [0x0000000082c00000, 0x0000000100000000)
  region size 1024K, 103 young (105472K), 5 survivors (5120K)
 Metaspace       used 115182K, committed 115968K, reserved 1155072K
  class space    used 14989K, committed 15360K, reserved 1048576K
}

